Listening on port 5901
A User connected 1Uq3P3rzeXVvISBCAAAA
A User connected 3f8v5-7UAYgWfgZiAAAB
A User connected 05ovRfR7ezTEHUfMAAAC
A User disconnected
A User disconnected
A User disconnected
A User connected Q3AzD3WIhO2X7Z7CAAAD
A User disconnected
A User connected 2kj7XGl2KqDKy6PEAAAE
A User disconnected
A User connected HJ7M3PTx2X9_oLssAAAF
A User connected zMwdUo4ZwNigb2ktAAAG
A User connected oyxiqY4ndHc6URa-AAAH
A User disconnected
A User disconnected
A User disconnected
A User connected vCAZ2gwU5kA435JoAAAI
A User disconnected
A User connected w7apyLWGj88vg38sAAAJ
none
null: 
 start time:0
 window size:21
 element start: 0
 element end:10
none
null: 
 start time:2
 window size:23
 element start: 0
 element end:10
none
null: 
 start time:4
 window size:25
 element start: 0
 element end:10
none
null: 
 start time:6
 window size:27
 element start: 0
 element end:10
A User disconnected
A User connected XRe8_4OjfkifHD7HAAAK
A User disconnected
A User connected WWMe32ma_pMQgIRbAAAL
XRe8_4OjfkifHD7HAAAK
null: 
 start time:2
 window size:23
 element start: 0
 element end:10
XRe8_4OjfkifHD7HAAAK
null: 
 start time:4
 window size:25
 element start: 0
 element end:10
XRe8_4OjfkifHD7HAAAK
null: 
 start time:6
 window size:27
 element start: 0
 element end:10
XRe8_4OjfkifHD7HAAAK
null: 
 start time:4
 window size:25
 element start: 0
 element end:10
XRe8_4OjfkifHD7HAAAK
null: 
 start time:2
 window size:23
 element start: 0
 element end:10
A User disconnected
A User connected VF0bj1oSkBFPVA-OAAAM
A User connected ia5aq-LOW7mgudbvAAAN
A User disconnected
A User disconnected
A User connected GvCZG_1W5VX8THPgAAAO
A User connected pwoBOxWqqaMIT6_tAAAP
A User connected uUTSb5ZLOqNINID5AAAQ
A User disconnected
A User disconnected
A User disconnected
A User connected idCANmcpZkT7CZv-AAAR
A User connected ynxIbVYbm_b3zNSPAAAS
A User disconnected
A User disconnected
A User connected wsoKFXY3cwVgBUhPAAAT
A User disconnected
A User connected vYyxT6wWxsRwuIpDAAAU
A User disconnected
A User connected j2tcI766fP2deEzzAAAV
A User connected _zOq3EHm2TPekHXAAAAW
A User connected XYbhvij-FMawunCGAAAX
A User disconnected
A User disconnected
A User disconnected
A User connected MvT0ZFdsHJYh8OUZAAAY
A User disconnected
A User connected RkYmPn__g7BvllanAAAZ
A User disconnected
A User connected HWwMnCb8LBZ6ufCXAAAa
RkYmPn__g7BvllanAAAZ
null: 
 start time:2
 window size:23
 element start: 0
 element end:10
RkYmPn__g7BvllanAAAZ
null: 
 start time:4
 window size:25
 element start: 0
 element end:10
RkYmPn__g7BvllanAAAZ
null: 
 start time:6
 window size:27
 element start: 0
 element end:10
RkYmPn__g7BvllanAAAZ
null: 
 start time:8
 window size:29
 element start: 0
 element end:10
RkYmPn__g7BvllanAAAZ
null: 
 start time:10
 window size:31
 element start: 0
 element end:10
RkYmPn__g7BvllanAAAZ
null: 
 start time:8
 window size:29
 element start: 0
 element end:10
RkYmPn__g7BvllanAAAZ
null: 
 start time:6
 window size:27
 element start: 0
 element end:10
RkYmPn__g7BvllanAAAZ
null: 
 start time:4
 window size:25
 element start: 0
 element end:10
RkYmPn__g7BvllanAAAZ
null: 
 start time:2
 window size:23
 element start: 0
 element end:10
RkYmPn__g7BvllanAAAZ
null: 
 start time:0
 window size:21
 element start: 0
 element end:10
RkYmPn__g7BvllanAAAZ
null: 
 start time:2
 window size:23
 element start: 0
 element end:10
RkYmPn__g7BvllanAAAZ
null: 
 start time:4
 window size:25
 element start: 0
 element end:10
RkYmPn__g7BvllanAAAZ
null: 
 start time:6
 window size:27
 element start: 0
 element end:10
RkYmPn__g7BvllanAAAZ
null: 
 start time:8
 window size:29
 element start: 0
 element end:10
RkYmPn__g7BvllanAAAZ
null: 
 start time:6
 window size:27
 element start: 0
 element end:10
RkYmPn__g7BvllanAAAZ
null: 
 start time:4
 window size:25
 element start: 0
 element end:10
RkYmPn__g7BvllanAAAZ
null: 
 start time:2
 window size:23
 element start: 0
 element end:10
RkYmPn__g7BvllanAAAZ
null: 
 start time:0
 window size:21
 element start: 0
 element end:10
RkYmPn__g7BvllanAAAZ
null: 
 start time:0
 window size:21
 element start: 0
 element end:10
RkYmPn__g7BvllanAAAZ
null: 
 start time:2
 window size:23
 element start: 0
 element end:10
RkYmPn__g7BvllanAAAZ
null: 
 start time:0
 window size:21
 element start: 0
 element end:10
A User disconnected
A User connected OisXaewkLPFSRE34AAAb
A User connected UhMIeZCGNRZLzqVLAAAc
A User connected a7hO0KlW4ydNc17IAAAd
A User disconnected
A User disconnected
A User disconnected
A User connected mnlHCHiGklqQ3WoaAAAe
A User connected y9dUWorwVL9saJqBAAAf
A User disconnected
A User disconnected
A User connected okoABthuAV6qz1MZAAAg
A User connected MV4FrdubGqVgHxe3AAAh
A User connected zZkFtprzH0sKdoAZAAAi
A User connected NMr1zeeuw7tTlRDKAAAj
A User disconnected
A User disconnected
A User disconnected
A User disconnected
A User connected Zl3kJIl0nM8oX3d3AAAk
A User connected YId6FMmTAIa_Zf48AAAl
A User connected RC-HZkuMnofe4bisAAAm
A User disconnected
A User connected 4vf3WTo6DBeo80CzAAAn
A User disconnected
A User connected 3WgEhzdldCrgaekWAAAo
aJsImG4p3_Dn2pf4AAAA
null: 
 start time:2
 window size:23
 element start: 0
 element end:10
aJsImG4p3_Dn2pf4AAAA
null: 
 start time:4
 window size:25
 element start: 0
 element end:10
aJsImG4p3_Dn2pf4AAAA
null: 
 start time:6
 window size:27
 element start: 0
 element end:10
aJsImG4p3_Dn2pf4AAAA
null: 
 start time:8
 window size:29
 element start: 0
 element end:10
aJsImG4p3_Dn2pf4AAAA
null: 
 start time:10
 window size:31
 element start: 0
 element end:10
aJsImG4p3_Dn2pf4AAAA
null: 
 start time:8
 window size:29
 element start: 0
 element end:10
aJsImG4p3_Dn2pf4AAAA
null: 
 start time:6
 window size:27
 element start: 0
 element end:10
aJsImG4p3_Dn2pf4AAAA
null: 
 start time:4
 window size:25
 element start: 0
 element end:10
aJsImG4p3_Dn2pf4AAAA
null: 
 start time:2
 window size:23
 element start: 0
 element end:10
aJsImG4p3_Dn2pf4AAAA
null: 
 start time:0
 window size:21
 element start: 0
 element end:10
aJsImG4p3_Dn2pf4AAAA
null: 
 start time:0
 window size:21
 element start: 0
 element end:10
aJsImG4p3_Dn2pf4AAAA
null: 
 start time:0
 window size:21
 element start: 0
 element end:10
aJsImG4p3_Dn2pf4AAAA
null: 
 start time:0
 window size:21
 element start: 0
 element end:10
aJsImG4p3_Dn2pf4AAAA
null: 
 start time:0
 window size:21
 element start: 0
 element end:10
aJsImG4p3_Dn2pf4AAAA
null: 
 start time:0
 window size:21
 element start: 0
 element end:10
aJsImG4p3_Dn2pf4AAAA
null: 
 start time:0
 window size:21
 element start: 0
 element end:10
aJsImG4p3_Dn2pf4AAAA
null: 
 start time:2
 window size:23
 element start: 0
 element end:10
aJsImG4p3_Dn2pf4AAAA
null: 
 start time:4
 window size:25
 element start: 0
 element end:10
aJsImG4p3_Dn2pf4AAAA
null: 
 start time:6
 window size:27
 element start: 0
 element end:10
aJsImG4p3_Dn2pf4AAAA
null: 
 start time:8
 window size:29
 element start: 0
 element end:10
aJsImG4p3_Dn2pf4AAAA
null: 
 start time:10
 window size:31
 element start: 0
 element end:10
aJsImG4p3_Dn2pf4AAAA
null: 
 start time:12
 window size:33
 element start: 0
 element end:10
aJsImG4p3_Dn2pf4AAAA
null: 
 start time:14
 window size:35
 element start: 0
 element end:10
aJsImG4p3_Dn2pf4AAAA
null: 
 start time:16
 window size:37
 element start: 0
 element end:10
aJsImG4p3_Dn2pf4AAAA
null: 
 start time:18
 window size:39
 element start: 0
 element end:10
aJsImG4p3_Dn2pf4AAAA
null: 
 start time:20
 window size:41
 element start: 0
 element end:10
aJsImG4p3_Dn2pf4AAAA
null: 
 start time:22
 window size:43
 element start: 0
 element end:10
aJsImG4p3_Dn2pf4AAAA
null: 
 start time:24
 window size:45
 element start: 0
 element end:10
aJsImG4p3_Dn2pf4AAAA
null: 
 start time:26
 window size:47
 element start: 0
 element end:10
aJsImG4p3_Dn2pf4AAAA
null: 
 start time:28
 window size:49
 element start: 0
 element end:10
aJsImG4p3_Dn2pf4AAAA
null: 
 start time:30
 window size:51
 element start: 0
 element end:10
aJsImG4p3_Dn2pf4AAAA
null: 
 start time:28
 window size:49
 element start: 0
 element end:10
aJsImG4p3_Dn2pf4AAAA
null: 
 start time:26
 window size:47
 element start: 0
 element end:10
aJsImG4p3_Dn2pf4AAAA
null: 
 start time:24
 window size:45
 element start: 0
 element end:10
aJsImG4p3_Dn2pf4AAAA
null: 
 start time:22
 window size:43
 element start: 0
 element end:10
aJsImG4p3_Dn2pf4AAAA
null: 
 start time:20
 window size:41
 element start: 0
 element end:10
aJsImG4p3_Dn2pf4AAAA
null: 
 start time:18
 window size:39
 element start: 0
 element end:10
aJsImG4p3_Dn2pf4AAAA
null: 
 start time:16
 window size:37
 element start: 0
 element end:10
aJsImG4p3_Dn2pf4AAAA
null: 
 start time:14
 window size:35
 element start: 0
 element end:10
aJsImG4p3_Dn2pf4AAAA
null: 
 start time:12
 window size:33
 element start: 0
 element end:10
aJsImG4p3_Dn2pf4AAAA
null: 
 start time:10
 window size:31
 element start: 0
 element end:10
aJsImG4p3_Dn2pf4AAAA
null: 
 start time:8
 window size:29
 element start: 0
 element end:10
aJsImG4p3_Dn2pf4AAAA
null: 
 start time:6
 window size:27
 element start: 0
 element end:10
aJsImG4p3_Dn2pf4AAAA
null: 
 start time:4
 window size:25
 element start: 0
 element end:10
aJsImG4p3_Dn2pf4AAAA
null: 
 start time:2
 window size:23
 element start: 0
 element end:10
aJsImG4p3_Dn2pf4AAAA
null: 
 start time:0
 window size:21
 element start: 0
 element end:10
aJsImG4p3_Dn2pf4AAAA
null: 
 start time:0
 window size:21
 element start: 0
 element end:10
aJsImG4p3_Dn2pf4AAAA
null: 
 start time:0
 window size:21
 element start: 0
 element end:10
aJsImG4p3_Dn2pf4AAAA
null: 
 start time:0
 window size:21
 element start: 0
 element end:10
aJsImG4p3_Dn2pf4AAAA
null: 
 start time:0
 window size:21
 element start: 0
 element end:10
aJsImG4p3_Dn2pf4AAAA
null: 
 start time:0
 window size:21
 element start: 0
 element end:10
aJsImG4p3_Dn2pf4AAAA
null: 
 start time:0
 window size:21
 element start: 0
 element end:10
aJsImG4p3_Dn2pf4AAAA
null: 
 start time:0
 window size:21
 element start: 0
 element end:10
aJsImG4p3_Dn2pf4AAAA
null: 
 start time:0
 window size:21
 element start: 0
 element end:10
aJsImG4p3_Dn2pf4AAAA
null: 
 start time:0
 window size:21
 element start: 0
 element end:10
aJsImG4p3_Dn2pf4AAAA
null: 
 start time:0
 window size:21
 element start: 0
 element end:10
aJsImG4p3_Dn2pf4AAAA
null: 
 start time:0
 window size:21
 element start: 0
 element end:10
aJsImG4p3_Dn2pf4AAAA
null: 
 start time:0
 window size:21
 element start: 0
 element end:10
aJsImG4p3_Dn2pf4AAAA
null: 
 start time:0
 window size:21
 element start: 0
 element end:10
aJsImG4p3_Dn2pf4AAAA
null: 
 start time:0
 window size:21
 element start: 0
 element end:10
aJsImG4p3_Dn2pf4AAAA
null: 
 start time:0
 window size:21
 element start: 0
 element end:10
aJsImG4p3_Dn2pf4AAAA
null: 
 start time:0
 window size:21
 element start: 0
 element end:10
aJsImG4p3_Dn2pf4AAAA
null: 
 start time:0
 window size:21
 element start: 0
 element end:10
aJsImG4p3_Dn2pf4AAAA
null: 
 start time:0
 window size:21
 element start: 0
 element end:10
aJsImG4p3_Dn2pf4AAAA
null: 
 start time:0
 window size:21
 element start: 0
 element end:10
aJsImG4p3_Dn2pf4AAAA
null: 
 start time:0
 window size:21
 element start: 0
 element end:10
aJsImG4p3_Dn2pf4AAAA
null: 
 start time:0
 window size:21
 element start: 0
 element end:10
aJsImG4p3_Dn2pf4AAAA
null: 
 start time:0
 window size:21
 element start: 0
 element end:10
aJsImG4p3_Dn2pf4AAAA
null: 
 start time:2
 window size:23
 element start: 0
 element end:10
aJsImG4p3_Dn2pf4AAAA
null: 
 start time:4
 window size:25
 element start: 0
 element end:10
aJsImG4p3_Dn2pf4AAAA
null: 
 start time:6
 window size:27
 element start: 0
 element end:10
aJsImG4p3_Dn2pf4AAAA
null: 
 start time:8
 window size:29
 element start: 0
 element end:10
aJsImG4p3_Dn2pf4AAAA
null: 
 start time:10
 window size:31
 element start: 0
 element end:10
aJsImG4p3_Dn2pf4AAAA
null: 
 start time:12
 window size:33
 element start: 0
 element end:10
aJsImG4p3_Dn2pf4AAAA
null: 
 start time:14
 window size:35
 element start: 0
 element end:10
aJsImG4p3_Dn2pf4AAAA
null: 
 start time:16
 window size:37
 element start: 0
 element end:10
aJsImG4p3_Dn2pf4AAAA
null: 
 start time:18
 window size:39
 element start: 0
 element end:10
aJsImG4p3_Dn2pf4AAAA
null: 
 start time:20
 window size:41
 element start: 0
 element end:10
aJsImG4p3_Dn2pf4AAAA
null: 
 start time:18
 window size:39
 element start: 0
 element end:10
aJsImG4p3_Dn2pf4AAAA
null: 
 start time:16
 window size:37
 element start: 0
 element end:10
aJsImG4p3_Dn2pf4AAAA
null: 
 start time:14
 window size:35
 element start: 0
 element end:10
aJsImG4p3_Dn2pf4AAAA
null: 
 start time:12
 window size:33
 element start: 0
 element end:10
aJsImG4p3_Dn2pf4AAAA
null: 
 start time:10
 window size:31
 element start: 0
 element end:10
aJsImG4p3_Dn2pf4AAAA
null: 
 start time:8
 window size:29
 element start: 0
 element end:10
aJsImG4p3_Dn2pf4AAAA
null: 
 start time:6
 window size:27
 element start: 0
 element end:10
aJsImG4p3_Dn2pf4AAAA
null: 
 start time:4
 window size:25
 element start: 0
 element end:10
aJsImG4p3_Dn2pf4AAAA
null: 
 start time:2
 window size:23
 element start: 0
 element end:10
aJsImG4p3_Dn2pf4AAAA
null: 
 start time:0
 window size:21
 element start: 0
 element end:10
aJsImG4p3_Dn2pf4AAAA
null: 
 start time:0
 window size:21
 element start: 0
 element end:10
aJsImG4p3_Dn2pf4AAAA
null: 
 start time:0
 window size:21
 element start: 0
 element end:10
aJsImG4p3_Dn2pf4AAAA
null: 
 start time:0
 window size:21
 element start: 0
 element end:10
aJsImG4p3_Dn2pf4AAAA
null: 
 start time:0
 window size:21
 element start: 0
 element end:10
aJsImG4p3_Dn2pf4AAAA
null: 
 start time:0
 window size:21
 element start: 0
 element end:10
aJsImG4p3_Dn2pf4AAAA
null: 
 start time:0
 window size:21
 element start: 0
 element end:10
aJsImG4p3_Dn2pf4AAAA
null: 
 start time:2
 window size:23
 element start: 0
 element end:10
aJsImG4p3_Dn2pf4AAAA
null: 
 start time:4
 window size:25
 element start: 0
 element end:10
aJsImG4p3_Dn2pf4AAAA
null: 
 start time:6
 window size:27
 element start: 0
 element end:10
aJsImG4p3_Dn2pf4AAAA
null: 
 start time:8
 window size:29
 element start: 0
 element end:10
aJsImG4p3_Dn2pf4AAAA
null: 
 start time:10
 window size:31
 element start: 0
 element end:10
aJsImG4p3_Dn2pf4AAAA
null: 
 start time:12
 window size:33
 element start: 0
 element end:10
aJsImG4p3_Dn2pf4AAAA
null: 
 start time:14
 window size:35
 element start: 0
 element end:10
aJsImG4p3_Dn2pf4AAAA
null: 
 start time:16
 window size:37
 element start: 0
 element end:10
aJsImG4p3_Dn2pf4AAAA
null: 
 start time:18
 window size:39
 element start: 0
 element end:10
aJsImG4p3_Dn2pf4AAAA
null: 
 start time:20
 window size:41
 element start: 0
 element end:10
aJsImG4p3_Dn2pf4AAAA
null: 
 start time:18
 window size:39
 element start: 0
 element end:10
aJsImG4p3_Dn2pf4AAAA
null: 
 start time:16
 window size:37
 element start: 0
 element end:10
aJsImG4p3_Dn2pf4AAAA
null: 
 start time:14
 window size:35
 element start: 0
 element end:10
aJsImG4p3_Dn2pf4AAAA
null: 
 start time:12
 window size:33
 element start: 0
 element end:10
aJsImG4p3_Dn2pf4AAAA
null: 
 start time:10
 window size:31
 element start: 0
 element end:10
aJsImG4p3_Dn2pf4AAAA
null: 
 start time:8
 window size:29
 element start: 0
 element end:10
aJsImG4p3_Dn2pf4AAAA
null: 
 start time:6
 window size:27
 element start: 0
 element end:10
aJsImG4p3_Dn2pf4AAAA
null: 
 start time:4
 window size:25
 element start: 0
 element end:10
aJsImG4p3_Dn2pf4AAAA
null: 
 start time:2
 window size:23
 element start: 0
 element end:10
aJsImG4p3_Dn2pf4AAAA
null: 
 start time:0
 window size:21
 element start: 0
 element end:10
aJsImG4p3_Dn2pf4AAAA
null: 
 start time:0
 window size:21
 element start: 0
 element end:10
aJsImG4p3_Dn2pf4AAAA
null: 
 start time:0
 window size:21
 element start: 0
 element end:10
aJsImG4p3_Dn2pf4AAAA
null: 
 start time:0
 window size:21
 element start: 0
 element end:10
aJsImG4p3_Dn2pf4AAAA
null: 
 start time:0
 window size:21
 element start: 0
 element end:10
aJsImG4p3_Dn2pf4AAAA
null: 
 start time:0
 window size:21
 element start: 0
 element end:10
aJsImG4p3_Dn2pf4AAAA
null: 
 start time:0
 window size:21
 element start: 0
 element end:10
aJsImG4p3_Dn2pf4AAAA
null: 
 start time:0
 window size:21
 element start: 0
 element end:10
aJsImG4p3_Dn2pf4AAAA
null: 
 start time:0
 window size:21
 element start: 0
 element end:10
aJsImG4p3_Dn2pf4AAAA
null: 
 start time:2
 window size:23
 element start: 0
 element end:10
aJsImG4p3_Dn2pf4AAAA
null: 
 start time:4
 window size:25
 element start: 0
 element end:10
aJsImG4p3_Dn2pf4AAAA
null: 
 start time:6
 window size:27
 element start: 0
 element end:10
aJsImG4p3_Dn2pf4AAAA
null: 
 start time:8
 window size:29
 element start: 0
 element end:10
aJsImG4p3_Dn2pf4AAAA
null: 
 start time:10
 window size:31
 element start: 0
 element end:10
aJsImG4p3_Dn2pf4AAAA
null: 
 start time:12
 window size:33
 element start: 0
 element end:10
aJsImG4p3_Dn2pf4AAAA
null: 
 start time:14
 window size:35
 element start: 0
 element end:10
aJsImG4p3_Dn2pf4AAAA
null: 
 start time:12
 window size:33
 element start: 0
 element end:10
aJsImG4p3_Dn2pf4AAAA
null: 
 start time:10
 window size:31
 element start: 0
 element end:10
aJsImG4p3_Dn2pf4AAAA
null: 
 start time:8
 window size:29
 element start: 0
 element end:10
aJsImG4p3_Dn2pf4AAAA
null: 
 start time:6
 window size:27
 element start: 0
 element end:10
aJsImG4p3_Dn2pf4AAAA
null: 
 start time:4
 window size:25
 element start: 0
 element end:10
aJsImG4p3_Dn2pf4AAAA
null: 
 start time:2
 window size:23
 element start: 0
 element end:10
aJsImG4p3_Dn2pf4AAAA
null: 
 start time:0
 window size:21
 element start: 0
 element end:10
aJsImG4p3_Dn2pf4AAAA
null: 
 start time:0
 window size:21
 element start: 0
 element end:10
aJsImG4p3_Dn2pf4AAAA
null: 
 start time:0
 window size:21
 element start: 0
 element end:10
aJsImG4p3_Dn2pf4AAAA
null: 
 start time:0
 window size:21
 element start: 0
 element end:10
aJsImG4p3_Dn2pf4AAAA
null: 
 start time:0
 window size:21
 element start: 0
 element end:10
aJsImG4p3_Dn2pf4AAAA
null: 
 start time:0
 window size:21
 element start: 0
 element end:10
aJsImG4p3_Dn2pf4AAAA
null: 
 start time:0
 window size:21
 element start: 0
 element end:10
aJsImG4p3_Dn2pf4AAAA
null: 
 start time:0
 window size:21
 element start: 0
 element end:10
aJsImG4p3_Dn2pf4AAAA
null: 
 start time:0
 window size:21
 element start: 0
 element end:10
aJsImG4p3_Dn2pf4AAAA
null: 
 start time:0
 window size:21
 element start: 0
 element end:10
aJsImG4p3_Dn2pf4AAAA
null: 
 start time:0
 window size:21
 element start: 0
 element end:10
aJsImG4p3_Dn2pf4AAAA
null: 
 start time:0
 window size:21
 element start: 0
 element end:10
aJsImG4p3_Dn2pf4AAAA
null: 
 start time:0
 window size:21
 element start: 0
 element end:10
aJsImG4p3_Dn2pf4AAAA
null: 
 start time:0
 window size:21
 element start: 0
 element end:10
aJsImG4p3_Dn2pf4AAAA
null: 
 start time:0
 window size:21
 element start: 0
 element end:10
aJsImG4p3_Dn2pf4AAAA
null: 
 start time:0
 window size:21
 element start: 0
 element end:10
aJsImG4p3_Dn2pf4AAAA
null: 
 start time:0
 window size:21
 element start: 0
 element end:10
aJsImG4p3_Dn2pf4AAAA
null: 
 start time:0
 window size:21
 element start: 0
 element end:10
aJsImG4p3_Dn2pf4AAAA
null: 
 start time:0
 window size:21
 element start: 0
 element end:10
aJsImG4p3_Dn2pf4AAAA
null: 
 start time:0
 window size:21
 element start: 0
 element end:10
aJsImG4p3_Dn2pf4AAAA
null: 
 start time:0
 window size:21
 element start: 0
 element end:10
aJsImG4p3_Dn2pf4AAAA
null: 
 start time:0
 window size:21
 element start: 0
 element end:10
aJsImG4p3_Dn2pf4AAAA
null: 
 start time:0
 window size:21
 element start: 0
 element end:10
A User disconnected
A User disconnected
A User connected 3gPtcpJ6H0A0MDiJAAAp
A User disconnected
A User connected KMveUPBrUmWXK5rcAAAq
A User connected TPGPxKyFenWm00zxAAAr
A User disconnected
A User connected YUt1i6Vwnzf0HR0HAAAs
A User disconnected
A User connected LFHGy1sO2ydv4e2xAAAt
A User disconnected
A User connected sqAG0c6Rc9Gg3SCrAAAu
none
null: 
 start time:2
 window size:23
 element start: 0
 element end:10
none
null: 
 start time:4
 window size:25
 element start: 0
 element end:10
none
null: 
 start time:6
 window size:27
 element start: 0
 element end:10
none
null: 
 start time:8
 window size:29
 element start: 0
 element end:10
none
null: 
 start time:10
 window size:31
 element start: 0
 element end:10
none
null: 
 start time:12
 window size:33
 element start: 0
 element end:10
none
null: 
 start time:14
 window size:35
 element start: 0
 element end:10
none
null: 
 start time:16
 window size:37
 element start: 0
 element end:10
none
null: 
 start time:18
 window size:39
 element start: 0
 element end:10
none
null: 
 start time:20
 window size:41
 element start: 0
 element end:10
none
null: 
 start time:22
 window size:43
 element start: 0
 element end:10
none
null: 
 start time:20
 window size:41
 element start: 0
 element end:10
none
null: 
 start time:18
 window size:39
 element start: 0
 element end:10
none
null: 
 start time:16
 window size:37
 element start: 0
 element end:10
none
null: 
 start time:14
 window size:35
 element start: 0
 element end:10
none
null: 
 start time:12
 window size:33
 element start: 0
 element end:10
none
null: 
 start time:10
 window size:31
 element start: 0
 element end:10
none
null: 
 start time:8
 window size:29
 element start: 0
 element end:10
none
null: 
 start time:6
 window size:27
 element start: 0
 element end:10
none
null: 
 start time:4
 window size:25
 element start: 0
 element end:10
none
null: 
 start time:2
 window size:23
 element start: 0
 element end:10
none
null: 
 start time:0
 window size:21
 element start: 0
 element end:10
none
null: 
 start time:0
 window size:21
 element start: 0
 element end:10
none
null: 
 start time:0
 window size:21
 element start: 0
 element end:10
none
null: 
 start time:0
 window size:21
 element start: 0
 element end:10
none
null: 
 start time:0
 window size:21
 element start: 0
 element end:10
none
null: 
 start time:0
 window size:21
 element start: 0
 element end:10
none
null: 
 start time:0
 window size:21
 element start: 0
 element end:10
none
null: 
 start time:0
 window size:21
 element start: 0
 element end:10
none
null: 
 start time:0
 window size:21
 element start: 0
 element end:10
none
null: 
 start time:0
 window size:21
 element start: 0
 element end:10
A User disconnected
A User connected 6ZRDq5Fe-jQO8jzgAAAv
A User disconnected
A User connected Nz44hVZAepSfzJCbAAAw
A User disconnected
A User connected C8WxKCDFqEhjRmX0AAAx
6ZRDq5Fe-jQO8jzgAAAv
null: 
 start time:2
 window size:23
 element start: 0
 element end:10
6ZRDq5Fe-jQO8jzgAAAv
null: 
 start time:4
 window size:25
 element start: 0
 element end:10
6ZRDq5Fe-jQO8jzgAAAv
null: 
 start time:6
 window size:27
 element start: 0
 element end:10
6ZRDq5Fe-jQO8jzgAAAv
null: 
 start time:8
 window size:29
 element start: 0
 element end:10
6ZRDq5Fe-jQO8jzgAAAv
null: 
 start time:6
 window size:27
 element start: 0
 element end:10
6ZRDq5Fe-jQO8jzgAAAv
null: 
 start time:4
 window size:25
 element start: 0
 element end:10
6ZRDq5Fe-jQO8jzgAAAv
null: 
 start time:2
 window size:23
 element start: 0
 element end:10
6ZRDq5Fe-jQO8jzgAAAv
null: 
 start time:0
 window size:21
 element start: 0
 element end:10
6ZRDq5Fe-jQO8jzgAAAv
null: 
 start time:0
 window size:21
 element start: 0
 element end:10
6ZRDq5Fe-jQO8jzgAAAv
null: 
 start time:0
 window size:21
 element start: 0
 element end:10
6ZRDq5Fe-jQO8jzgAAAv
null: 
 start time:2
 window size:23
 element start: 0
 element end:10
6ZRDq5Fe-jQO8jzgAAAv
null: 
 start time:4
 window size:25
 element start: 0
 element end:10
6ZRDq5Fe-jQO8jzgAAAv
null: 
 start time:6
 window size:27
 element start: 0
 element end:10
6ZRDq5Fe-jQO8jzgAAAv
null: 
 start time:8
 window size:29
 element start: 0
 element end:10
6ZRDq5Fe-jQO8jzgAAAv
null: 
 start time:10
 window size:31
 element start: 0
 element end:10
6ZRDq5Fe-jQO8jzgAAAv
null: 
 start time:12
 window size:33
 element start: 0
 element end:10
6ZRDq5Fe-jQO8jzgAAAv
null: 
 start time:14
 window size:35
 element start: 0
 element end:10
6ZRDq5Fe-jQO8jzgAAAv
null: 
 start time:16
 window size:37
 element start: 0
 element end:10
6ZRDq5Fe-jQO8jzgAAAv
null: 
 start time:18
 window size:39
 element start: 0
 element end:10
6ZRDq5Fe-jQO8jzgAAAv
null: 
 start time:20
 window size:41
 element start: 0
 element end:10
6ZRDq5Fe-jQO8jzgAAAv
null: 
 start time:22
 window size:43
 element start: 0
 element end:10
6ZRDq5Fe-jQO8jzgAAAv
null: 
 start time:24
 window size:45
 element start: 0
 element end:10
6ZRDq5Fe-jQO8jzgAAAv
null: 
 start time:26
 window size:47
 element start: 0
 element end:10
6ZRDq5Fe-jQO8jzgAAAv
null: 
 start time:28
 window size:49
 element start: 0
 element end:10
6ZRDq5Fe-jQO8jzgAAAv
null: 
 start time:26
 window size:47
 element start: 0
 element end:10
6ZRDq5Fe-jQO8jzgAAAv
null: 
 start time:24
 window size:45
 element start: 0
 element end:10
6ZRDq5Fe-jQO8jzgAAAv
null: 
 start time:22
 window size:43
 element start: 0
 element end:10
6ZRDq5Fe-jQO8jzgAAAv
null: 
 start time:20
 window size:41
 element start: 0
 element end:10
6ZRDq5Fe-jQO8jzgAAAv
null: 
 start time:18
 window size:39
 element start: 0
 element end:10
6ZRDq5Fe-jQO8jzgAAAv
null: 
 start time:16
 window size:37
 element start: 0
 element end:10
6ZRDq5Fe-jQO8jzgAAAv
null: 
 start time:14
 window size:35
 element start: 0
 element end:10
6ZRDq5Fe-jQO8jzgAAAv
null: 
 start time:12
 window size:33
 element start: 0
 element end:10
6ZRDq5Fe-jQO8jzgAAAv
null: 
 start time:10
 window size:31
 element start: 0
 element end:10
6ZRDq5Fe-jQO8jzgAAAv
null: 
 start time:8
 window size:29
 element start: 0
 element end:10
6ZRDq5Fe-jQO8jzgAAAv
null: 
 start time:6
 window size:27
 element start: 0
 element end:10
6ZRDq5Fe-jQO8jzgAAAv
null: 
 start time:4
 window size:25
 element start: 0
 element end:10
6ZRDq5Fe-jQO8jzgAAAv
null: 
 start time:2
 window size:23
 element start: 0
 element end:10
6ZRDq5Fe-jQO8jzgAAAv
null: 
 start time:0
 window size:21
 element start: 0
 element end:10
6ZRDq5Fe-jQO8jzgAAAv
null: 
 start time:0
 window size:21
 element start: 0
 element end:10
6ZRDq5Fe-jQO8jzgAAAv
null: 
 start time:0
 window size:21
 element start: 0
 element end:10
6ZRDq5Fe-jQO8jzgAAAv
null: 
 start time:0
 window size:21
 element start: 0
 element end:10
6ZRDq5Fe-jQO8jzgAAAv
null: 
 start time:0
 window size:21
 element start: 0
 element end:10
6ZRDq5Fe-jQO8jzgAAAv
null: 
 start time:0
 window size:21
 element start: 0
 element end:10
6ZRDq5Fe-jQO8jzgAAAv
null: 
 start time:0
 window size:21
 element start: 0
 element end:10
A User disconnected
A User connected AvIxMpMyfMXrzfBsAAAy
6ZRDq5Fe-jQO8jzgAAAv
null: 
 start time:2
 window size:23
 element start: 0
 element end:10
6ZRDq5Fe-jQO8jzgAAAv
null: 
 start time:4
 window size:25
 element start: 0
 element end:10
6ZRDq5Fe-jQO8jzgAAAv
null: 
 start time:6
 window size:27
 element start: 0
 element end:10
6ZRDq5Fe-jQO8jzgAAAv
null: 
 start time:8
 window size:29
 element start: 0
 element end:10
6ZRDq5Fe-jQO8jzgAAAv
null: 
 start time:10
 window size:31
 element start: 0
 element end:10
6ZRDq5Fe-jQO8jzgAAAv
null: 
 start time:12
 window size:33
 element start: 0
 element end:10
6ZRDq5Fe-jQO8jzgAAAv
null: 
 start time:14
 window size:35
 element start: 0
 element end:10
6ZRDq5Fe-jQO8jzgAAAv
null: 
 start time:16
 window size:37
 element start: 0
 element end:10
6ZRDq5Fe-jQO8jzgAAAv
null: 
 start time:18
 window size:39
 element start: 0
 element end:10
6ZRDq5Fe-jQO8jzgAAAv
null: 
 start time:20
 window size:41
 element start: 0
 element end:10
6ZRDq5Fe-jQO8jzgAAAv
null: 
 start time:22
 window size:43
 element start: 0
 element end:10
6ZRDq5Fe-jQO8jzgAAAv
null: 
 start time:24
 window size:45
 element start: 0
 element end:10
6ZRDq5Fe-jQO8jzgAAAv
null: 
 start time:26
 window size:47
 element start: 0
 element end:10
6ZRDq5Fe-jQO8jzgAAAv
null: 
 start time:28
 window size:49
 element start: 0
 element end:10
6ZRDq5Fe-jQO8jzgAAAv
null: 
 start time:30
 window size:51
 element start: 0
 element end:10
6ZRDq5Fe-jQO8jzgAAAv
null: 
 start time:28
 window size:49
 element start: 0
 element end:10
6ZRDq5Fe-jQO8jzgAAAv
null: 
 start time:26
 window size:47
 element start: 0
 element end:10
6ZRDq5Fe-jQO8jzgAAAv
null: 
 start time:24
 window size:45
 element start: 0
 element end:10
6ZRDq5Fe-jQO8jzgAAAv
null: 
 start time:22
 window size:43
 element start: 0
 element end:10
6ZRDq5Fe-jQO8jzgAAAv
null: 
 start time:20
 window size:41
 element start: 0
 element end:10
6ZRDq5Fe-jQO8jzgAAAv
null: 
 start time:18
 window size:39
 element start: 0
 element end:10
6ZRDq5Fe-jQO8jzgAAAv
null: 
 start time:16
 window size:37
 element start: 0
 element end:10
6ZRDq5Fe-jQO8jzgAAAv
null: 
 start time:14
 window size:35
 element start: 0
 element end:10
6ZRDq5Fe-jQO8jzgAAAv
null: 
 start time:12
 window size:33
 element start: 0
 element end:10
6ZRDq5Fe-jQO8jzgAAAv
null: 
 start time:10
 window size:31
 element start: 0
 element end:10
6ZRDq5Fe-jQO8jzgAAAv
null: 
 start time:8
 window size:29
 element start: 0
 element end:10
6ZRDq5Fe-jQO8jzgAAAv
null: 
 start time:6
 window size:27
 element start: 0
 element end:10
6ZRDq5Fe-jQO8jzgAAAv
null: 
 start time:4
 window size:25
 element start: 0
 element end:10
6ZRDq5Fe-jQO8jzgAAAv
null: 
 start time:2
 window size:23
 element start: 0
 element end:10
6ZRDq5Fe-jQO8jzgAAAv
null: 
 start time:0
 window size:21
 element start: 0
 element end:10
6ZRDq5Fe-jQO8jzgAAAv
null: 
 start time:0
 window size:21
 element start: 0
 element end:10
6ZRDq5Fe-jQO8jzgAAAv
null: 
 start time:0
 window size:21
 element start: 0
 element end:10
6ZRDq5Fe-jQO8jzgAAAv
null: 
 start time:0
 window size:21
 element start: 0
 element end:10
6ZRDq5Fe-jQO8jzgAAAv
null: 
 start time:0
 window size:21
 element start: 0
 element end:10
6ZRDq5Fe-jQO8jzgAAAv
null: 
 start time:0
 window size:21
 element start: 0
 element end:10
6ZRDq5Fe-jQO8jzgAAAv
null: 
 start time:0
 window size:21
 element start: 0
 element end:10
A User disconnected
A User connected 9oKHIuzctS8SiDcOAAAz
A User disconnected
A User connected QCwC3HePeg3UIfc8AAA0
A User disconnected
A User connected rFdLgr6EBGxv05-YAAA1
QCwC3HePeg3UIfc8AAA0
null: 
 start time:2
 window size:23
 element start: 0
 element end:10
QCwC3HePeg3UIfc8AAA0
null: 
 start time:4
 window size:25
 element start: 0
 element end:10
QCwC3HePeg3UIfc8AAA0
null: 
 start time:6
 window size:27
 element start: 0
 element end:10
QCwC3HePeg3UIfc8AAA0
null: 
 start time:8
 window size:29
 element start: 0
 element end:10
QCwC3HePeg3UIfc8AAA0
null: 
 start time:10
 window size:31
 element start: 0
 element end:10
QCwC3HePeg3UIfc8AAA0
null: 
 start time:12
 window size:33
 element start: 0
 element end:10
QCwC3HePeg3UIfc8AAA0
null: 
 start time:14
 window size:35
 element start: 0
 element end:10
QCwC3HePeg3UIfc8AAA0
null: 
 start time:16
 window size:37
 element start: 0
 element end:10
QCwC3HePeg3UIfc8AAA0
null: 
 start time:18
 window size:39
 element start: 0
 element end:10
QCwC3HePeg3UIfc8AAA0
null: 
 start time:20
 window size:41
 element start: 0
 element end:10
QCwC3HePeg3UIfc8AAA0
null: 
 start time:22
 window size:43
 element start: 0
 element end:10
QCwC3HePeg3UIfc8AAA0
null: 
 start time:24
 window size:45
 element start: 0
 element end:10
QCwC3HePeg3UIfc8AAA0
null: 
 start time:26
 window size:47
 element start: 0
 element end:10
QCwC3HePeg3UIfc8AAA0
null: 
 start time:24
 window size:45
 element start: 0
 element end:10
QCwC3HePeg3UIfc8AAA0
null: 
 start time:22
 window size:43
 element start: 0
 element end:10
QCwC3HePeg3UIfc8AAA0
null: 
 start time:20
 window size:41
 element start: 0
 element end:10
QCwC3HePeg3UIfc8AAA0
null: 
 start time:18
 window size:39
 element start: 0
 element end:10
QCwC3HePeg3UIfc8AAA0
null: 
 start time:16
 window size:37
 element start: 0
 element end:10
QCwC3HePeg3UIfc8AAA0
null: 
 start time:14
 window size:35
 element start: 0
 element end:10
QCwC3HePeg3UIfc8AAA0
null: 
 start time:12
 window size:33
 element start: 0
 element end:10
QCwC3HePeg3UIfc8AAA0
null: 
 start time:10
 window size:31
 element start: 0
 element end:10
QCwC3HePeg3UIfc8AAA0
null: 
 start time:8
 window size:29
 element start: 0
 element end:10
QCwC3HePeg3UIfc8AAA0
null: 
 start time:6
 window size:27
 element start: 0
 element end:10
QCwC3HePeg3UIfc8AAA0
null: 
 start time:4
 window size:25
 element start: 0
 element end:10
QCwC3HePeg3UIfc8AAA0
null: 
 start time:2
 window size:23
 element start: 0
 element end:10
QCwC3HePeg3UIfc8AAA0
null: 
 start time:0
 window size:21
 element start: 0
 element end:10
QCwC3HePeg3UIfc8AAA0
null: 
 start time:0
 window size:21
 element start: 0
 element end:10
QCwC3HePeg3UIfc8AAA0
null: 
 start time:0
 window size:21
 element start: 0
 element end:10
QCwC3HePeg3UIfc8AAA0
null: 
 start time:0
 window size:21
 element start: 0
 element end:10
QCwC3HePeg3UIfc8AAA0
null: 
 start time:0
 window size:21
 element start: 0
 element end:10
QCwC3HePeg3UIfc8AAA0
null: 
 start time:0
 window size:21
 element start: 0
 element end:10
QCwC3HePeg3UIfc8AAA0
null: 
 start time:0
 window size:21
 element start: 0
 element end:10
QCwC3HePeg3UIfc8AAA0
null: 
 start time:0
 window size:21
 element start: 0
 element end:10
QCwC3HePeg3UIfc8AAA0
null: 
 start time:0
 window size:21
 element start: 0
 element end:10
A User disconnected
A User connected BU6bFN0WEoWTQkBfAAA2
A User disconnected
A User connected MjvduEOhjyCTNi-xAAA3
A User disconnected
A User connected ujEzGyl9qKlf56vrAAA4
QCwC3HePeg3UIfc8AAA0
null: 
 start time:2
 window size:23
 element start: 0
 element end:10
QCwC3HePeg3UIfc8AAA0
null: 
 start time:4
 window size:25
 element start: 0
 element end:10
QCwC3HePeg3UIfc8AAA0
null: 
 start time:6
 window size:27
 element start: 0
 element end:10
QCwC3HePeg3UIfc8AAA0
null: 
 start time:8
 window size:29
 element start: 0
 element end:10
QCwC3HePeg3UIfc8AAA0
null: 
 start time:10
 window size:31
 element start: 0
 element end:10
QCwC3HePeg3UIfc8AAA0
null: 
 start time:12
 window size:33
 element start: 0
 element end:10
A User disconnected
A User disconnected
A User connected WxyyAHlZ4wmPTnZsAAA5
A User disconnected
A User disconnected
A User connected 1qMM5xFW16UejDXNAAA6
A User connected xBdEJRVoZPBsjaIYAAA7
A User disconnected
A User disconnected
A User connected UlOzjCVYzrzjzGKRAAA8
A User connected 9cMl6gPszYLPeYnGAAA9
A User disconnected
A User disconnected
A User connected MQBpkEgNGcC3oECJAAA-
A User connected _rtWg5WkVUppzGiBAAA_
A User disconnected
A User disconnected
A User connected Rbh4kqD4-kAeNcL5AABA
A User connected PQAFVjLfU682UB-sAABB
A User disconnected
A User disconnected
A User connected eT0sYPqVUnolnMIEAABC
A User connected x0v-RkxGoGeut30qAABD
A User disconnected
A User disconnected
A User connected 4Qb9R9tW4ypwRU0TAABE
A User connected DBitLDNHCdpxxPevAABF
A User disconnected
A User disconnected
A User connected -yggT0x3h_OgruWyAABG
A User connected 1CiQrmFhi67frlfpAABH
A User disconnected
A User disconnected
A User connected EbWskrW19wRx0FdMAABI
A User connected nQN_Of-TP7QmQhv2AABJ
A User disconnected
A User disconnected
A User connected daSnoKsvWSi18k30AABK
dKMJNyjeqtiSD7qZAAAG
null: 
 start time:2
 window size:23
 element start: 0
 element end:10
dKMJNyjeqtiSD7qZAAAG
null: 
 start time:0
 window size:21
 element start: 0
 element end:10
dKMJNyjeqtiSD7qZAAAG
null: 
 start time:2
 window size:23
 element start: 0
 element end:10
dKMJNyjeqtiSD7qZAAAG
null: 
 start time:0
 window size:21
 element start: 0
 element end:10
dKMJNyjeqtiSD7qZAAAG
null: 
 start time:0
 window size:21
 element start: 0
 element end:10
A User disconnected
A User connected BkHFsgwnP-VWICdKAABL
A User connected nRc_zcDz9XaaxMKJAABM
A User connected 3vArc1SSAaS_5E_9AABN
A User disconnected
A User disconnected
A User disconnected
A User connected -cYmG4h-tPsMEXXdAABO
A User connected b8Bd1ffmfuHPug10AABP
A User disconnected
A User disconnected
A User connected 6LZrgH6vkFH8z_ciAABQ
A User connected T6hMUq3kgYnT615AAABR
A User disconnected
A User disconnected
A User connected NAYlJBEXBl5je8drAABS
A User connected zClBb2eooH9nRNZdAABT
A User disconnected
A User disconnected
A User connected JOCNNUD7lnRRirKSAABU
A User connected UYq11JCfS-ZytZzuAABV
A User disconnected
A User disconnected
A User connected 0dAYx-uj_ABNJeyeAABW
A User connected UC58qN8qy8NgdkldAABX
A User disconnected
A User disconnected
A User connected YKpzfzSsB5wRRGJXAABY
A User connected 3mw6lVzHB65b_yHlAABZ
A User disconnected
A User disconnected
A User connected DDy5qXfSTHmukpzUAABa
A User connected 5WZeTQM68QAF1V5TAABb
A User disconnected
A User disconnected
A User connected S3UNJtYRZw71qnoHAABc
null
null: 
 start time:2
 window size:23
 element start: 0
 element end:10
null
null: 
 start time:0
 window size:21
 element start: 0
 element end:10
null
null: 
 start time:2
 window size:23
 element start: 0
 element end:10
null
null: 
 start time:4
 window size:25
 element start: 0
 element end:10
null
null: 
 start time:6
 window size:27
 element start: 0
 element end:10
null
null: 
 start time:8
 window size:29
 element start: 0
 element end:10
null
null: 
 start time:10
 window size:31
 element start: 0
 element end:10
A User disconnected
A User connected OWsHIv58yfmuBBMZAABd
A User connected baSm9_3fUs6xFCAFAABe
A User connected lQPX_y07tBM6C2LiAABf
A User disconnected
A User connected 3S3pjxEpuAi93mSTAABg
{ Error: ENOENT: no such file or directory, open 'tmp/lQPX_y07tBM6C2LiAABf'
  errno: -2,
  code: 'ENOENT',
  syscall: 'open',
  path: 'tmp/lQPX_y07tBM6C2LiAABf' }
A User disconnected
A User disconnected
A User disconnected
A User connected iNyPKFuig28FDK_nAABh
A User connected wCQY8GhXevzRVBPSAABi
A User disconnected
A User disconnected
A User connected _HybAMR_685N-bVSAABj
A User connected hs3NtB09zQ5MtuooAABk
A User disconnected
A User connected PevidX92uyUAFh2YAABl
A User disconnected
A User disconnected
A User connected 37LnXl-FHiStwTjCAABm
A User disconnected
A User connected fEyZE_HOW7XY2eIUAABn
A User connected voHg81T_sCamNsXsAABo
A User disconnected
A User disconnected
A User connected Gt9nuFmuQdLwrwz7AABp
A User connected cTbFIy6DVtudEV7_AABq
A User disconnected
A User disconnected
A User connected DY_e8GdP5gfqZXqdAABr
A User connected uBqK-qxW9CeiWGksAABs
A User disconnected
A User disconnected
A User connected yqAOsQp_78RYppEzAABt
A User disconnected
A User connected j9CNwEQvShgTezSLAABu
A User connected 8w8LUxUeC2u7qmbfAABv
A User disconnected
A User disconnected
A User connected pPSxfO_2nSe5qIzSAABw
A User connected HNuKAnq1JB__jKslAABx
A User disconnected
A User disconnected
A User connected XuDK99G-IbIquxYUAABy
A User connected 5JquvqVt46EKJPW4AABz
A User disconnected
A User disconnected
A User connected CQq3rOMuS8ZzUioDAAB0
A User disconnected
A User connected xmwP9K37xl9C0iW6AAB1
A User connected HqFwQvCL4x_OshZHAAB2
A User disconnected
A User disconnected
A User connected jojqm7j6C0OD_WM9AAB3
A User connected -wCQl-awsd2jBQLcAAB4
L2tBwa5SRYQ4PgdDAAAK
null: 
 start time:2
 window size:23
 element start: 0
 element end:10
L2tBwa5SRYQ4PgdDAAAK
null: 
 start time:4
 window size:25
 element start: 0
 element end:10
L2tBwa5SRYQ4PgdDAAAK
null: 
 start time:2
 window size:23
 element start: 0
 element end:10
L2tBwa5SRYQ4PgdDAAAK
null: 
 start time:0
 window size:21
 element start: 0
 element end:10
L2tBwa5SRYQ4PgdDAAAK
null: 
 start time:0
 window size:21
 element start: 0
 element end:10
A User disconnected
A User disconnected
A User connected mV50vdBG13PpKIYDAAB5
A User disconnected
A User connected JB2kvqttzh5Y4ApqAAB6
A User connected eKJ71YORZ1M7nCg0AAB7
A User disconnected
GRmsRkWA9QBb49HRAAAM
null: 
 start time:2
 window size:23
 element start: 0
 element end:10
GRmsRkWA9QBb49HRAAAM
null: 
 start time:4
 window size:25
 element start: 0
 element end:10
GRmsRkWA9QBb49HRAAAM
null: 
 start time:6
 window size:27
 element start: 0
 element end:10
GRmsRkWA9QBb49HRAAAM
null: 
 start time:8
 window size:29
 element start: 0
 element end:10
GRmsRkWA9QBb49HRAAAM
null: 
 start time:10
 window size:31
 element start: 0
 element end:10
GRmsRkWA9QBb49HRAAAM
null: 
 start time:12
 window size:33
 element start: 0
 element end:10
A User disconnected
A User connected MwMPub7JMN38l1_uAAB8
A User disconnected
A User connected CGqf1pPOKO6UZN_NAAB9
A User disconnected
A User connected ulLjSqE1V7xPWE4_AAB-
A User disconnected
A User connected BiBNgvKBR4N9EPf8AAB_
A User connected cJdElyqp0O8-tBfnAACA
A User connected fD8TZAJCWO7uuRpXAACB
A User connected ug3KglSV78MiWRS7AACC
A User disconnected
A User disconnected
A User disconnected
A User disconnected
A User connected ozJ5Y9fr2dHlsV-YAACD
A User disconnected
A User connected 5qv1Bzxz2ay3F8reAACE
A User connected DsbRW2t5qdiFv24hAACF
A User disconnected
A User disconnected
A User connected YTwxn7WhrBcaEJuvAACG
A User disconnected
A User connected E-EC7gAK1Qfs6LK3AACH
A User disconnected
A User connected HouWhnanr2RZ6n0bAACI
A User connected cTAVzHCCeM-cfO7CAACJ
A User disconnected
A User disconnected
A User connected A9pxJAMeOl70_LLuAACK
A User disconnected
A User connected E40_I_LSrSM20Y_hAACL
A User disconnected
A User connected YLm2OAe_m0_PUbvOAACM
A User disconnected
A User connected BFgzNrxyMtun6fx3AACN
none
null: 
 start time:2
 window size:23
 element start: 0
 element end:10
none
null: 
 start time:0
 window size:21
 element start: 0
 element end:10
none
null: 
 start time:0
 window size:21
 element start: 0
 element end:10
none
null: 
 start time:0
 window size:21
 element start: 2
 element end:12
none
null: 
 start time:0
 window size:21
 element start: 0
 element end:10
none
null: 
 start time:0
 window size:21
 element start: 2
 element end:12
none
null: 
 start time:0
 window size:21
 element start: 0
 element end:10
none
null: 
 start time:2
 window size:23
 element start: 0
 element end:10
none
null: 
 start time:0
 window size:21
 element start: 0
 element end:10
none
null: 
 start time:2
 window size:23
 element start: 0
 element end:10
none
null: 
 start time:4
 window size:25
 element start: 0
 element end:10
none
null: 
 start time:6
 window size:27
 element start: 0
 element end:10
none
null: 
 start time:8
 window size:29
 element start: 0
 element end:10
none
null: 
 start time:10
 window size:31
 element start: 0
 element end:10
none
null: 
 start time:8
 window size:29
 element start: 0
 element end:10
none
null: 
 start time:6
 window size:27
 element start: 0
 element end:10
none
null: 
 start time:4
 window size:25
 element start: 0
 element end:10
none
null: 
 start time:6
 window size:27
 element start: 0
 element end:10
none
null: 
 start time:4
 window size:25
 element start: 0
 element end:10
none
null: 
 start time:2
 window size:23
 element start: 0
 element end:10
none
null: 
 start time:0
 window size:21
 element start: 0
 element end:10
none
null: 
 start time:0
 window size:21
 element start: 0
 element end:10
none
null: 
 start time:0
 window size:21
 element start: 0
 element end:10
none
null: 
 start time:2
 window size:23
 element start: 0
 element end:10
none
null: 
 start time:0
 window size:21
 element start: 0
 element end:10
A User disconnected
A User connected LpLgFuA2yca955DNAACO
A User disconnected
A User connected M2CeFWjpN5m5xYZlAACP
LpLgFuA2yca955DNAACO
null: 
 start time:2
 window size:23
 element start: 0
 element end:10
LpLgFuA2yca955DNAACO
null: 
 start time:4
 window size:25
 element start: 0
 element end:10
LpLgFuA2yca955DNAACO
null: 
 start time:6
 window size:27
 element start: 0
 element end:10
LpLgFuA2yca955DNAACO
null: 
 start time:8
 window size:29
 element start: 0
 element end:10
LpLgFuA2yca955DNAACO
null: 
 start time:10
 window size:31
 element start: 0
 element end:10
LpLgFuA2yca955DNAACO
null: 
 start time:12
 window size:33
 element start: 0
 element end:10
LpLgFuA2yca955DNAACO
null: 
 start time:14
 window size:35
 element start: 0
 element end:10
LpLgFuA2yca955DNAACO
null: 
 start time:12
 window size:33
 element start: 0
 element end:10
LpLgFuA2yca955DNAACO
null: 
 start time:10
 window size:31
 element start: 0
 element end:10
LpLgFuA2yca955DNAACO
null: 
 start time:8
 window size:29
 element start: 0
 element end:10
LpLgFuA2yca955DNAACO
null: 
 start time:6
 window size:27
 element start: 0
 element end:10
LpLgFuA2yca955DNAACO
null: 
 start time:4
 window size:25
 element start: 0
 element end:10
LpLgFuA2yca955DNAACO
null: 
 start time:2
 window size:23
 element start: 0
 element end:10
LpLgFuA2yca955DNAACO
null: 
 start time:0
 window size:21
 element start: 0
 element end:10
LpLgFuA2yca955DNAACO
null: 
 start time:0
 window size:21
 element start: 0
 element end:10
LpLgFuA2yca955DNAACO
null: 
 start time:0
 window size:21
 element start: 0
 element end:10
LpLgFuA2yca955DNAACO
null: 
 start time:0
 window size:21
 element start: 0
 element end:10
LpLgFuA2yca955DNAACO
null: 
 start time:0
 window size:21
 element start: 0
 element end:10
LpLgFuA2yca955DNAACO
null: 
 start time:0
 window size:21
 element start: 0
 element end:10
A User disconnected
A User connected 2ZWWkzP17IX_IC9NAACQ
A User disconnected
A User connected XoYJ_DztqvO-woC8AACR
A User disconnected
A User connected B6_0g0XI3NYKhZ3HAACS
XoYJ_DztqvO-woC8AACR
null: 
 start time:2
 window size:23
 element start: 0
 element end:10
XoYJ_DztqvO-woC8AACR
null: 
 start time:4
 window size:25
 element start: 0
 element end:10
XoYJ_DztqvO-woC8AACR
null: 
 start time:6
 window size:27
 element start: 0
 element end:10
XoYJ_DztqvO-woC8AACR
null: 
 start time:8
 window size:29
 element start: 0
 element end:10
XoYJ_DztqvO-woC8AACR
null: 
 start time:10
 window size:31
 element start: 0
 element end:10
XoYJ_DztqvO-woC8AACR
null: 
 start time:12
 window size:33
 element start: 0
 element end:10
XoYJ_DztqvO-woC8AACR
null: 
 start time:14
 window size:35
 element start: 0
 element end:10
XoYJ_DztqvO-woC8AACR
null: 
 start time:16
 window size:37
 element start: 0
 element end:10
XoYJ_DztqvO-woC8AACR
null: 
 start time:18
 window size:39
 element start: 0
 element end:10
A User disconnected
A User connected qWi9AacZIrN8AWfpAACT
XoYJ_DztqvO-woC8AACR
null: 
 start time:2
 window size:23
 element start: 0
 element end:10
XoYJ_DztqvO-woC8AACR
null: 
 start time:4
 window size:25
 element start: 0
 element end:10
XoYJ_DztqvO-woC8AACR
null: 
 start time:6
 window size:27
 element start: 0
 element end:10
XoYJ_DztqvO-woC8AACR
null: 
 start time:8
 window size:29
 element start: 0
 element end:10
XoYJ_DztqvO-woC8AACR
null: 
 start time:10
 window size:31
 element start: 0
 element end:10
XoYJ_DztqvO-woC8AACR
null: 
 start time:12
 window size:33
 element start: 0
 element end:10
XoYJ_DztqvO-woC8AACR
null: 
 start time:10
 window size:31
 element start: 0
 element end:10
XoYJ_DztqvO-woC8AACR
null: 
 start time:8
 window size:29
 element start: 0
 element end:10
XoYJ_DztqvO-woC8AACR
null: 
 start time:6
 window size:27
 element start: 0
 element end:10
XoYJ_DztqvO-woC8AACR
null: 
 start time:4
 window size:25
 element start: 0
 element end:10
XoYJ_DztqvO-woC8AACR
null: 
 start time:2
 window size:23
 element start: 0
 element end:10
XoYJ_DztqvO-woC8AACR
null: 
 start time:0
 window size:21
 element start: 0
 element end:10
XoYJ_DztqvO-woC8AACR
null: 
 start time:0
 window size:21
 element start: 0
 element end:10
XoYJ_DztqvO-woC8AACR
null: 
 start time:2
 window size:23
 element start: 0
 element end:10
XoYJ_DztqvO-woC8AACR
null: 
 start time:4
 window size:25
 element start: 0
 element end:10
XoYJ_DztqvO-woC8AACR
null: 
 start time:6
 window size:27
 element start: 0
 element end:10
XoYJ_DztqvO-woC8AACR
null: 
 start time:8
 window size:29
 element start: 0
 element end:10
XoYJ_DztqvO-woC8AACR
null: 
 start time:10
 window size:31
 element start: 0
 element end:10
XoYJ_DztqvO-woC8AACR
null: 
 start time:12
 window size:33
 element start: 0
 element end:10
XoYJ_DztqvO-woC8AACR
null: 
 start time:14
 window size:35
 element start: 0
 element end:10
XoYJ_DztqvO-woC8AACR
null: 
 start time:16
 window size:37
 element start: 0
 element end:10
XoYJ_DztqvO-woC8AACR
null: 
 start time:18
 window size:39
 element start: 0
 element end:10
XoYJ_DztqvO-woC8AACR
null: 
 start time:20
 window size:41
 element start: 0
 element end:10
XoYJ_DztqvO-woC8AACR
null: 
 start time:22
 window size:43
 element start: 0
 element end:10
XoYJ_DztqvO-woC8AACR
null: 
 start time:24
 window size:45
 element start: 0
 element end:10
XoYJ_DztqvO-woC8AACR
null: 
 start time:22
 window size:43
 element start: 0
 element end:10
XoYJ_DztqvO-woC8AACR
null: 
 start time:20
 window size:41
 element start: 0
 element end:10
XoYJ_DztqvO-woC8AACR
null: 
 start time:18
 window size:39
 element start: 0
 element end:10
XoYJ_DztqvO-woC8AACR
null: 
 start time:16
 window size:37
 element start: 0
 element end:10
XoYJ_DztqvO-woC8AACR
null: 
 start time:14
 window size:35
 element start: 0
 element end:10
XoYJ_DztqvO-woC8AACR
null: 
 start time:12
 window size:33
 element start: 0
 element end:10
XoYJ_DztqvO-woC8AACR
null: 
 start time:10
 window size:31
 element start: 0
 element end:10
XoYJ_DztqvO-woC8AACR
null: 
 start time:8
 window size:29
 element start: 0
 element end:10
XoYJ_DztqvO-woC8AACR
null: 
 start time:6
 window size:27
 element start: 0
 element end:10
XoYJ_DztqvO-woC8AACR
null: 
 start time:4
 window size:25
 element start: 0
 element end:10
XoYJ_DztqvO-woC8AACR
null: 
 start time:2
 window size:23
 element start: 0
 element end:10
XoYJ_DztqvO-woC8AACR
null: 
 start time:0
 window size:21
 element start: 0
 element end:10
XoYJ_DztqvO-woC8AACR
null: 
 start time:0
 window size:21
 element start: 0
 element end:10
XoYJ_DztqvO-woC8AACR
null: 
 start time:0
 window size:21
 element start: 0
 element end:10
XoYJ_DztqvO-woC8AACR
null: 
 start time:0
 window size:21
 element start: 0
 element end:10
XoYJ_DztqvO-woC8AACR
null: 
 start time:0
 window size:21
 element start: 0
 element end:10
XoYJ_DztqvO-woC8AACR
null: 
 start time:0
 window size:21
 element start: 0
 element end:10
XoYJ_DztqvO-woC8AACR
null: 
 start time:0
 window size:21
 element start: 0
 element end:10
XoYJ_DztqvO-woC8AACR
null: 
 start time:0
 window size:21
 element start: 0
 element end:10
XoYJ_DztqvO-woC8AACR
null: 
 start time:2
 window size:23
 element start: 0
 element end:10
XoYJ_DztqvO-woC8AACR
null: 
 start time:4
 window size:25
 element start: 0
 element end:10
XoYJ_DztqvO-woC8AACR
null: 
 start time:6
 window size:27
 element start: 0
 element end:10
XoYJ_DztqvO-woC8AACR
null: 
 start time:8
 window size:29
 element start: 0
 element end:10
XoYJ_DztqvO-woC8AACR
null: 
 start time:10
 window size:31
 element start: 0
 element end:10
XoYJ_DztqvO-woC8AACR
null: 
 start time:12
 window size:33
 element start: 0
 element end:10
XoYJ_DztqvO-woC8AACR
null: 
 start time:14
 window size:35
 element start: 0
 element end:10
XoYJ_DztqvO-woC8AACR
null: 
 start time:16
 window size:37
 element start: 0
 element end:10
XoYJ_DztqvO-woC8AACR
null: 
 start time:18
 window size:39
 element start: 0
 element end:10
XoYJ_DztqvO-woC8AACR
null: 
 start time:16
 window size:37
 element start: 0
 element end:10
XoYJ_DztqvO-woC8AACR
null: 
 start time:14
 window size:35
 element start: 0
 element end:10
XoYJ_DztqvO-woC8AACR
null: 
 start time:12
 window size:33
 element start: 0
 element end:10
XoYJ_DztqvO-woC8AACR
null: 
 start time:10
 window size:31
 element start: 0
 element end:10
XoYJ_DztqvO-woC8AACR
null: 
 start time:8
 window size:29
 element start: 0
 element end:10
XoYJ_DztqvO-woC8AACR
null: 
 start time:6
 window size:27
 element start: 0
 element end:10
XoYJ_DztqvO-woC8AACR
null: 
 start time:4
 window size:25
 element start: 0
 element end:10
XoYJ_DztqvO-woC8AACR
null: 
 start time:2
 window size:23
 element start: 0
 element end:10
XoYJ_DztqvO-woC8AACR
null: 
 start time:0
 window size:21
 element start: 0
 element end:10
XoYJ_DztqvO-woC8AACR
null: 
 start time:0
 window size:21
 element start: 0
 element end:10
XoYJ_DztqvO-woC8AACR
null: 
 start time:0
 window size:21
 element start: 0
 element end:10
XoYJ_DztqvO-woC8AACR
null: 
 start time:0
 window size:21
 element start: 0
 element end:10
XoYJ_DztqvO-woC8AACR
null: 
 start time:0
 window size:21
 element start: 0
 element end:10
XoYJ_DztqvO-woC8AACR
null: 
 start time:2
 window size:23
 element start: 0
 element end:10
XoYJ_DztqvO-woC8AACR
null: 
 start time:4
 window size:25
 element start: 0
 element end:10
XoYJ_DztqvO-woC8AACR
null: 
 start time:6
 window size:27
 element start: 0
 element end:10
XoYJ_DztqvO-woC8AACR
null: 
 start time:8
 window size:29
 element start: 0
 element end:10
XoYJ_DztqvO-woC8AACR
null: 
 start time:10
 window size:31
 element start: 0
 element end:10
XoYJ_DztqvO-woC8AACR
null: 
 start time:12
 window size:33
 element start: 0
 element end:10
XoYJ_DztqvO-woC8AACR
null: 
 start time:14
 window size:35
 element start: 0
 element end:10
XoYJ_DztqvO-woC8AACR
null: 
 start time:16
 window size:37
 element start: 0
 element end:10
XoYJ_DztqvO-woC8AACR
null: 
 start time:18
 window size:39
 element start: 0
 element end:10
XoYJ_DztqvO-woC8AACR
null: 
 start time:20
 window size:41
 element start: 0
 element end:10
XoYJ_DztqvO-woC8AACR
null: 
 start time:22
 window size:43
 element start: 0
 element end:10
XoYJ_DztqvO-woC8AACR
null: 
 start time:24
 window size:45
 element start: 0
 element end:10
XoYJ_DztqvO-woC8AACR
null: 
 start time:26
 window size:47
 element start: 0
 element end:10
XoYJ_DztqvO-woC8AACR
null: 
 start time:28
 window size:49
 element start: 0
 element end:10
XoYJ_DztqvO-woC8AACR
null: 
 start time:30
 window size:51
 element start: 0
 element end:10
XoYJ_DztqvO-woC8AACR
null: 
 start time:32
 window size:53
 element start: 0
 element end:10
XoYJ_DztqvO-woC8AACR
null: 
 start time:30
 window size:51
 element start: 0
 element end:10
XoYJ_DztqvO-woC8AACR
null: 
 start time:28
 window size:49
 element start: 0
 element end:10
XoYJ_DztqvO-woC8AACR
null: 
 start time:26
 window size:47
 element start: 0
 element end:10
XoYJ_DztqvO-woC8AACR
null: 
 start time:24
 window size:45
 element start: 0
 element end:10
XoYJ_DztqvO-woC8AACR
null: 
 start time:22
 window size:43
 element start: 0
 element end:10
XoYJ_DztqvO-woC8AACR
null: 
 start time:20
 window size:41
 element start: 0
 element end:10
XoYJ_DztqvO-woC8AACR
null: 
 start time:18
 window size:39
 element start: 0
 element end:10
XoYJ_DztqvO-woC8AACR
null: 
 start time:16
 window size:37
 element start: 0
 element end:10
XoYJ_DztqvO-woC8AACR
null: 
 start time:14
 window size:35
 element start: 0
 element end:10
XoYJ_DztqvO-woC8AACR
null: 
 start time:12
 window size:33
 element start: 0
 element end:10
XoYJ_DztqvO-woC8AACR
null: 
 start time:10
 window size:31
 element start: 0
 element end:10
XoYJ_DztqvO-woC8AACR
null: 
 start time:8
 window size:29
 element start: 0
 element end:10
XoYJ_DztqvO-woC8AACR
null: 
 start time:6
 window size:27
 element start: 0
 element end:10
XoYJ_DztqvO-woC8AACR
null: 
 start time:4
 window size:25
 element start: 0
 element end:10
XoYJ_DztqvO-woC8AACR
null: 
 start time:2
 window size:23
 element start: 0
 element end:10
XoYJ_DztqvO-woC8AACR
null: 
 start time:0
 window size:21
 element start: 0
 element end:10
XoYJ_DztqvO-woC8AACR
null: 
 start time:0
 window size:21
 element start: 0
 element end:10
XoYJ_DztqvO-woC8AACR
null: 
 start time:0
 window size:21
 element start: 0
 element end:10
XoYJ_DztqvO-woC8AACR
null: 
 start time:0
 window size:21
 element start: 0
 element end:10
XoYJ_DztqvO-woC8AACR
null: 
 start time:0
 window size:21
 element start: 0
 element end:10
XoYJ_DztqvO-woC8AACR
null: 
 start time:0
 window size:21
 element start: 0
 element end:10
XoYJ_DztqvO-woC8AACR
null: 
 start time:0
 window size:21
 element start: 0
 element end:10
XoYJ_DztqvO-woC8AACR
null: 
 start time:0
 window size:21
 element start: 0
 element end:10
XoYJ_DztqvO-woC8AACR
null: 
 start time:0
 window size:21
 element start: 0
 element end:10
XoYJ_DztqvO-woC8AACR
null: 
 start time:0
 window size:21
 element start: 0
 element end:10
A User disconnected
A User connected Kcx4Arca1hRt2uG3AACU
XoYJ_DztqvO-woC8AACR
null: 
 start time:2
 window size:23
 element start: 0
 element end:10
XoYJ_DztqvO-woC8AACR
null: 
 start time:4
 window size:25
 element start: 0
 element end:10
XoYJ_DztqvO-woC8AACR
null: 
 start time:6
 window size:27
 element start: 0
 element end:10
XoYJ_DztqvO-woC8AACR
null: 
 start time:8
 window size:29
 element start: 0
 element end:10
XoYJ_DztqvO-woC8AACR
null: 
 start time:10
 window size:31
 element start: 0
 element end:10
XoYJ_DztqvO-woC8AACR
null: 
 start time:12
 window size:33
 element start: 0
 element end:10
XoYJ_DztqvO-woC8AACR
null: 
 start time:14
 window size:35
 element start: 0
 element end:10
XoYJ_DztqvO-woC8AACR
null: 
 start time:16
 window size:37
 element start: 0
 element end:10
XoYJ_DztqvO-woC8AACR
null: 
 start time:14
 window size:35
 element start: 0
 element end:10
XoYJ_DztqvO-woC8AACR
null: 
 start time:12
 window size:33
 element start: 0
 element end:10
XoYJ_DztqvO-woC8AACR
null: 
 start time:10
 window size:31
 element start: 0
 element end:10
XoYJ_DztqvO-woC8AACR
null: 
 start time:8
 window size:29
 element start: 0
 element end:10
XoYJ_DztqvO-woC8AACR
null: 
 start time:6
 window size:27
 element start: 0
 element end:10
XoYJ_DztqvO-woC8AACR
null: 
 start time:4
 window size:25
 element start: 0
 element end:10
XoYJ_DztqvO-woC8AACR
null: 
 start time:2
 window size:23
 element start: 0
 element end:10
XoYJ_DztqvO-woC8AACR
null: 
 start time:0
 window size:21
 element start: 0
 element end:10
XoYJ_DztqvO-woC8AACR
null: 
 start time:0
 window size:21
 element start: 0
 element end:10
A User disconnected
A User connected mgkhh4ovWMtNHOAZAACV
A User disconnected
A User connected PNmtjpm82Fr6qYXhAACW
A User disconnected
A User connected hlKWYenqeOP1yUvgAACX
A User disconnected
A User connected ljC-IM6yQBu9Fe2uAACY
A User disconnected
A User connected cWGKb3pMQSbO0CgsAACZ
A User disconnected
A User connected MGoO7AK_cNzAeqq0AACa
A User disconnected
A User connected KJIvBLPqbNGfsGmJAACb
A User disconnected
A User connected IgFzepNdUSQ65vDbAACc
A User disconnected
A User connected 9HrjZlEVoE4aIdbaAACd
A User disconnected
A User connected Lointbz33UEnEn3_AACe
A User disconnected
A User connected L1bW2ZpEX9FerW5DAACf
A User disconnected
A User connected scNpG0__Swu14vTLAACg
A User disconnected
A User connected K8kWN8d6KGSG0CpYAACh
A User disconnected
A User connected 2JsR6GnL73X_IdCFAACi
A User disconnected
A User connected vefRpfMgdOHHV3O7AACj
A User disconnected
A User connected _uwM7oUmfXvP9k7nAACk
A User disconnected
A User connected TS8AjstHGoLHMa2fAACl
A User disconnected
A User connected uM01C_qtOsYy6zLcAACm
A User disconnected
A User connected _8aHe2xQwLA1eQnvAACn
A User disconnected
A User connected dZZL7pX-cxFVhFLgAACo
A User disconnected
A User connected dW1y3aMrLnFyzQsqAACp
A User disconnected
A User connected J6lo8JyJUR7yK3GAAACq
A User disconnected
A User connected 7j5apUz9qljs77o8AACr
A User disconnected
A User connected EvgaDGJemySQ8XUbAACs
A User disconnected
A User connected qGEiA2Mu8q4zmykaAACt
A User connected 3MRFmSKIlocCNJ5TAACu
A User disconnected
A User disconnected
A User connected xnk7DO1SZ4zOpSZ3AACv
A User disconnected
A User connected qCuGjb8BdkXDPOCjAACw
A User disconnected
